2026-05-05 00:45:58 [copytrade] Market closed. Next open 2026-05-05 09:30 -04:00
2026-05-05 00:46:29 [copytrade] Market closed. Next open 2026-05-05 09:30 -04:00
2026-05-05 00:47:00 [copytrade] Market closed. Next open 2026-05-05 09:30 -04:00
2026-05-05 00:47:31 [copytrade] Market closed. Next open 2026-05-05 09:30 -04:00
2026-05-05 00:48:02 [copytrade] Market closed. Next open 2026-05-05 09:30 -04:00
python(71137) MallocStackLogging: can't turn off malloc stack logging because it was not enabled.
python(71138) MallocStackLogging: can't turn off malloc stack logging because it was not enabled.
python(71144) MallocStackLogging: can't turn off malloc stack logging because it was not enabled.
python(71145) MallocStackLogging: can't turn off malloc stack logging because it was not enabled.
python(71146) MallocStackLogging: can't turn off malloc stack logging because it was not enabled.
python(71147) MallocStackLogging: can't turn off malloc stack logging because it was not enabled.
python(71148) MallocStackLogging: can't turn off malloc stack logging because it was not enabled.
python(71151) MallocStackLogging: can't turn off malloc stack logging because it was not enabled.
2026-05-05 00:48:06 [copytrade] Published updated remote snapshot files: docs/data/copybot/recent_bot.log, docs/data/copybot/recent_portfolio.json
2026-05-05 00:48:36 [copytrade] Market closed. Next open 2026-05-05 09:30 -04:00
2026-05-05 00:49:09 [copytrade] Market closed. Next open 2026-05-05 09:30 -04:00
2026-05-05 00:49:41 [copytrade] Market closed. Next open 2026-05-05 09:30 -04:00
2026-05-05 00:50:12 [copytrade] Market closed. Next open 2026-05-05 09:30 -04:00
2026-05-05 00:50:43 [copytrade] Market closed. Next open 2026-05-05 09:30 -04:00
2026-05-05 00:51:14 [copytrade] Market closed. Next open 2026-05-05 09:30 -04:00
2026-05-05 00:51:45 [copytrade] Market closed. Next open 2026-05-05 09:30 -04:00
2026-05-05 00:52:17 [copytrade] Checked Capitol signals for Ro Khanna: no new trades across 1 page(s).
2026-05-05 00:52:17 [copytrade] Market closed. Next open 2026-05-05 09:30 -04:00
2026-05-05 00:52:48 [copytrade] Market closed. Next open 2026-05-05 09:30 -04:00
2026-05-05 00:53:19 [copytrade] Market closed. Next open 2026-05-05 09:30 -04:00
2026-05-05 00:53:51 [copytrade] Market closed. Next open 2026-05-05 09:30 -04:00
2026-05-05 00:54:22 [copytrade] Market closed. Next open 2026-05-05 09:30 -04:00
2026-05-05 00:54:54 [copytrade] Market closed. Next open 2026-05-05 09:30 -04:00
2026-05-05 00:55:25 [copytrade] Market closed. Next open 2026-05-05 09:30 -04:00
2026-05-05 00:55:57 [copytrade] Market closed. Next open 2026-05-05 09:30 -04:00
2026-05-05 00:56:28 [copytrade] Market closed. Next open 2026-05-05 09:30 -04:00
2026-05-05 00:56:59 [copytrade] Market closed. Next open 2026-05-05 09:30 -04:00
2026-05-05 00:57:30 [copytrade] Market closed. Next open 2026-05-05 09:30 -04:00
2026-05-05 00:58:02 [copytrade] Market closed. Next open 2026-05-05 09:30 -04:00
2026-05-05 00:58:33 [copytrade] Market closed. Next open 2026-05-05 09:30 -04:00
2026-05-05 00:59:04 [copytrade] Market closed. Next open 2026-05-05 09:30 -04:00
2026-05-05 00:59:35 [copytrade] Market closed. Next open 2026-05-05 09:30 -04:00
2026-05-05 01:00:06 [copytrade] Market closed. Next open 2026-05-05 09:30 -04:00
2026-05-05 01:00:37 [copytrade] Market closed. Next open 2026-05-05 09:30 -04:00
2026-05-05 01:01:08 [copytrade] Market closed. Next open 2026-05-05 09:30 -04:00
2026-05-05 01:01:40 [copytrade] Market closed. Next open 2026-05-05 09:30 -04:00
2026-05-05 01:02:11 [copytrade] Market closed. Next open 2026-05-05 09:30 -04:00
2026-05-05 01:02:42 [copytrade] Market closed. Next open 2026-05-05 09:30 -04:00
2026-05-05 01:03:13 [copytrade] Market closed. Next open 2026-05-05 09:30 -04:00
python(73800) MallocStackLogging: can't turn off malloc stack logging because it was not enabled.
python(73801) MallocStackLogging: can't turn off malloc stack logging because it was not enabled.
python(73808) MallocStackLogging: can't turn off malloc stack logging because it was not enabled.
python(73809) MallocStackLogging: can't turn off malloc stack logging because it was not enabled.
python(73810) MallocStackLogging: can't turn off malloc stack logging because it was not enabled.
python(73811) MallocStackLogging: can't turn off malloc stack logging because it was not enabled.
python(73812) MallocStackLogging: can't turn off malloc stack logging because it was not enabled.
python(73815) MallocStackLogging: can't turn off malloc stack logging because it was not enabled.
2026-05-05 01:03:18 [copytrade] Published updated remote snapshot files: docs/data/copybot/recent_bot.log, docs/data/copybot/recent_portfolio.json
2026-05-05 01:03:48 [copytrade] Market closed. Next open 2026-05-05 09:30 -04:00
2026-05-05 01:04:19 [copytrade] Market closed. Next open 2026-05-05 09:30 -04:00
2026-05-05 01:04:51 [copytrade] Market closed. Next open 2026-05-05 09:30 -04:00
2026-05-05 01:05:22 [copytrade] Market closed. Next open 2026-05-05 09:30 -04:00
2026-05-05 01:05:53 [copytrade] Market closed. Next open 2026-05-05 09:30 -04:00
2026-05-05 01:06:24 [copytrade] Market closed. Next open 2026-05-05 09:30 -04:00
2026-05-05 01:06:55 [copytrade] Market closed. Next open 2026-05-05 09:30 -04:00
2026-05-05 01:07:27 [copytrade] Checked Capitol signals for Ro Khanna: no new trades across 1 page(s).
2026-05-05 01:07:27 [copytrade] Market closed. Next open 2026-05-05 09:30 -04:00
2026-05-05 01:07:58 [copytrade] Market closed. Next open 2026-05-05 09:30 -04:00
2026-05-05 01:08:29 [copytrade] Market closed. Next open 2026-05-05 09:30 -04:00
2026-05-05 01:09:01 [copytrade] Market closed. Next open 2026-05-05 09:30 -04:00
2026-05-05 01:09:32 [copytrade] Market closed. Next open 2026-05-05 09:30 -04:00
2026-05-05 01:10:03 [copytrade] Market closed. Next open 2026-05-05 09:30 -04:00
2026-05-05 01:10:34 [copytrade] Market closed. Next open 2026-05-05 09:30 -04:00
2026-05-05 01:11:05 [copytrade] Market closed. Next open 2026-05-05 09:30 -04:00
2026-05-05 01:11:40 [copytrade] Market closed. Next open 2026-05-05 09:30 -04:00
2026-05-05 01:12:18 [copytrade] Market closed. Next open 2026-05-05 09:30 -04:00
2026-05-05 01:12:57 [copytrade] Market closed. Next open 2026-05-05 09:30 -04:00
2026-05-05 01:13:28 [copytrade] Market closed. Next open 2026-05-05 09:30 -04:00
2026-05-05 01:13:59 [copytrade] Market closed. Next open 2026-05-05 09:30 -04:00
2026-05-05 01:14:31 [copytrade] Market closed. Next open 2026-05-05 09:30 -04:00
2026-05-05 01:15:02 [copytrade] Market closed. Next open 2026-05-05 09:30 -04:00
2026-05-05 01:15:33 [copytrade] Market closed. Next open 2026-05-05 09:30 -04:00
2026-05-05 01:16:05 [copytrade] Market closed. Next open 2026-05-05 09:30 -04:00
2026-05-05 01:16:37 [copytrade] Market closed. Next open 2026-05-05 09:30 -04:00
2026-05-05 01:17:08 [copytrade] Market closed. Next open 2026-05-05 09:30 -04:00
2026-05-05 01:17:40 [copytrade] Market closed. Next open 2026-05-05 09:30 -04:00
2026-05-05 01:18:11 [copytrade] Market closed. Next open 2026-05-05 09:30 -04:00
2026-05-05 01:18:42 [copytrade] Market closed. Next open 2026-05-05 09:30 -04:00
python(74579) MallocStackLogging: can't turn off malloc stack logging because it was not enabled.
python(74580) MallocStackLogging: can't turn off malloc stack logging because it was not enabled.
python(74586) MallocStackLogging: can't turn off malloc stack logging because it was not enabled.
python(74587) MallocStackLogging: can't turn off malloc stack logging because it was not enabled.
python(74588) MallocStackLogging: can't turn off malloc stack logging because it was not enabled.
python(74589) MallocStackLogging: can't turn off malloc stack logging because it was not enabled.
python(74590) MallocStackLogging: can't turn off malloc stack logging because it was not enabled.
python(74593) MallocStackLogging: can't turn off malloc stack logging because it was not enabled.
2026-05-05 01:18:51 [copytrade] Published updated remote snapshot files: docs/data/copybot/recent_bot.log, docs/data/copybot/recent_portfolio.json
2026-05-05 01:19:22 [copytrade] Market closed. Next open 2026-05-05 09:30 -04:00
2026-05-05 01:19:53 [copytrade] Market closed. Next open 2026-05-05 09:30 -04:00
2026-05-05 01:20:24 [copytrade] Market closed. Next open 2026-05-05 09:30 -04:00
2026-05-05 01:20:55 [copytrade] Market closed. Next open 2026-05-05 09:30 -04:00
2026-05-05 01:21:26 [copytrade] Market closed. Next open 2026-05-05 09:30 -04:00
2026-05-05 01:21:57 [copytrade] Market closed. Next open 2026-05-05 09:30 -04:00
2026-05-05 01:22:29 [copytrade] Checked Capitol signals for Ro Khanna: no new trades across 1 page(s).
2026-05-05 01:22:29 [copytrade] Market closed. Next open 2026-05-05 09:30 -04:00
2026-05-05 01:23:00 [copytrade] Market closed. Next open 2026-05-05 09:30 -04:00
2026-05-05 01:23:31 [copytrade] Market closed. Next open 2026-05-05 09:30 -04:00
2026-05-05 01:24:03 [copytrade] Market closed. Next open 2026-05-05 09:30 -04:00
2026-05-05 01:24:34 [copytrade] Market closed. Next open 2026-05-05 09:30 -04:00
2026-05-05 01:25:05 [copytrade] Market closed. Next open 2026-05-05 09:30 -04:00
2026-05-05 01:25:36 [copytrade] Market closed. Next open 2026-05-05 09:30 -04:00
2026-05-05 01:26:07 [copytrade] Market closed. Next open 2026-05-05 09:30 -04:00
2026-05-05 01:26:38 [copytrade] Market closed. Next open 2026-05-05 09:30 -04:00
2026-05-05 01:27:10 [copytrade] Market closed. Next open 2026-05-05 09:30 -04:00
2026-05-05 01:27:41 [copytrade] Market closed. Next open 2026-05-05 09:30 -04:00
2026-05-05 01:28:12 [copytrade] Market closed. Next open 2026-05-05 09:30 -04:00
2026-05-05 01:28:43 [copytrade] Market closed. Next open 2026-05-05 09:30 -04:00
2026-05-05 01:29:14 [copytrade] Market closed. Next open 2026-05-05 09:30 -04:00
2026-05-05 01:29:45 [copytrade] Market closed. Next open 2026-05-05 09:30 -04:00
2026-05-05 01:30:17 [copytrade] Market closed. Next open 2026-05-05 09:30 -04:00
2026-05-05 01:30:48 [copytrade] Market closed. Next open 2026-05-05 09:30 -04:00
2026-05-05 01:31:19 [copytrade] Market closed. Next open 2026-05-05 09:30 -04:00
2026-05-05 01:31:51 [copytrade] Market closed. Next open 2026-05-05 09:30 -04:00
2026-05-05 01:32:22 [copytrade] Market closed. Next open 2026-05-05 09:30 -04:00
2026-05-05 01:32:53 [copytrade] Market closed. Next open 2026-05-05 09:30 -04:00
2026-05-05 01:33:24 [copytrade] Market closed. Next open 2026-05-05 09:30 -04:00
2026-05-05 01:33:55 [copytrade] Market closed. Next open 2026-05-05 09:30 -04:00
python(75246) MallocStackLogging: can't turn off malloc stack logging because it was not enabled.
python(75247) MallocStackLogging: can't turn off malloc stack logging because it was not enabled.
python(75259) MallocStackLogging: can't turn off malloc stack logging because it was not enabled.
python(75260) MallocStackLogging: can't turn off malloc stack logging because it was not enabled.
python(75261) MallocStackLogging: can't turn off malloc stack logging because it was not enabled.
python(75262) MallocStackLogging: can't turn off malloc stack logging because it was not enabled.
python(75263) MallocStackLogging: can't turn off malloc stack logging because it was not enabled.
python(75267) MallocStackLogging: can't turn off malloc stack logging because it was not enabled.
2026-05-05 01:33:59 [copytrade] Published updated remote snapshot files: docs/data/copybot/recent_bot.log, docs/data/copybot/recent_portfolio.json
2026-05-05 01:34:30 [copytrade] Market closed. Next open 2026-05-05 09:30 -04:00
2026-05-05 01:35:01 [copytrade] Market closed. Next open 2026-05-05 09:30 -04:00
2026-05-05 01:35:32 [copytrade] Market closed. Next open 2026-05-05 09:30 -04:00
2026-05-05 01:36:03 [copytrade] Market closed. Next open 2026-05-05 09:30 -04:00
2026-05-05 01:36:34 [copytrade] Market closed. Next open 2026-05-05 09:30 -04:00
2026-05-05 01:37:05 [copytrade] Market closed. Next open 2026-05-05 09:30 -04:00
2026-05-05 01:37:36 [copytrade] Checked Capitol signals for Ro Khanna: no new trades across 1 page(s).
2026-05-05 01:38:13 [portfolio] ORDER SYNC ERROR 428dc135-2fc0-4b92-90c1-3384c2f19fe0: ('Connection aborted.', RemoteDisconnected('Remote end closed connection without response'))
2026-05-05 01:38:15 [copytrade] Market closed. Next open 2026-05-05 09:30 -04:00
2026-05-05 01:38:49 [copytrade] Market closed. Next open 2026-05-05 09:30 -04:00
2026-05-05 01:39:23 [copytrade] Market closed. Next open 2026-05-05 09:30 -04:00
2026-05-05 01:39:57 [copytrade] Market closed. Next open 2026-05-05 09:30 -04:00
2026-05-05 01:40:31 [copytrade] Market closed. Next open 2026-05-05 09:30 -04:00
2026-05-05 01:41:05 [copytrade] Market closed. Next open 2026-05-05 09:30 -04:00
2026-05-05 01:41:39 [copytrade] Market closed. Next open 2026-05-05 09:30 -04:00
2026-05-05 01:42:13 [copytrade] Market closed. Next open 2026-05-05 09:30 -04:00
2026-05-05 01:42:48 [copytrade] Market closed. Next open 2026-05-05 09:30 -04:00
2026-05-05 01:43:22 [copytrade] Market closed. Next open 2026-05-05 09:30 -04:00
2026-05-05 01:43:56 [copytrade] Market closed. Next open 2026-05-05 09:30 -04:00
2026-05-05 01:44:31 [copytrade] Market closed. Next open 2026-05-05 09:30 -04:00
2026-05-05 01:45:05 [copytrade] Market closed. Next open 2026-05-05 09:30 -04:00
2026-05-05 01:45:39 [copytrade] Market closed. Next open 2026-05-05 09:30 -04:00
2026-05-05 01:47:38 [portfolio] ORDER SYNC ERROR 428dc135-2fc0-4b92-90c1-3384c2f19fe0: ('Connection aborted.', RemoteDisconnected('Remote end closed connection without response'))
2026-05-05 01:47:40 [copytrade] Market closed. Next open 2026-05-05 09:30 -04:00
2026-05-05 01:48:11 [copytrade] Market closed. Next open 2026-05-05 09:30 -04:00
2026-05-05 01:48:42 [copytrade] Market closed. Next open 2026-05-05 09:30 -04:00
2026-05-05 01:49:13 [copytrade] Market closed. Next open 2026-05-05 09:30 -04:00
python(77829) MallocStackLogging: can't turn off malloc stack logging because it was not enabled.
python(77830) MallocStackLogging: can't turn off malloc stack logging because it was not enabled.
python(77837) MallocStackLogging: can't turn off malloc stack logging because it was not enabled.
python(77838) MallocStackLogging: can't turn off malloc stack logging because it was not enabled.
python(77839) MallocStackLogging: can't turn off malloc stack logging because it was not enabled.
python(77840) MallocStackLogging: can't turn off malloc stack logging because it was not enabled.
python(77841) MallocStackLogging: can't turn off malloc stack logging because it was not enabled.
python(77844) MallocStackLogging: can't turn off malloc stack logging because it was not enabled.
2026-05-05 01:49:17 [copytrade] Published updated remote snapshot files: docs/data/copybot/recent_bot.log, docs/data/copybot/recent_portfolio.json
2026-05-05 01:49:47 [copytrade] Market closed. Next open 2026-05-05 09:30 -04:00
2026-05-05 01:50:18 [copytrade] Market closed. Next open 2026-05-05 09:30 -04:00
2026-05-05 01:50:50 [copytrade] Market closed. Next open 2026-05-05 09:30 -04:00
2026-05-05 01:51:21 [copytrade] Market closed. Next open 2026-05-05 09:30 -04:00
2026-05-05 01:51:52 [copytrade] Market closed. Next open 2026-05-05 09:30 -04:00
2026-05-05 01:52:23 [copytrade] Market closed. Next open 2026-05-05 09:30 -04:00
2026-05-05 01:52:54 [copytrade] Checked Capitol signals for Ro Khanna: no new trades across 1 page(s).
2026-05-05 01:52:54 [copytrade] Market closed. Next open 2026-05-05 09:30 -04:00
2026-05-05 01:53:25 [copytrade] Market closed. Next open 2026-05-05 09:30 -04:00
2026-05-05 01:53:56 [copytrade] Market closed. Next open 2026-05-05 09:30 -04:00
2026-05-05 01:54:28 [copytrade] Market closed. Next open 2026-05-05 09:30 -04:00
2026-05-05 01:54:59 [copytrade] Market closed. Next open 2026-05-05 09:30 -04:00
2026-05-05 01:55:30 [copytrade] Market closed. Next open 2026-05-05 09:30 -04:00
2026-05-05 01:56:01 [copytrade] Market closed. Next open 2026-05-05 09:30 -04:00
2026-05-05 01:56:32 [copytrade] Market closed. Next open 2026-05-05 09:30 -04:00
2026-05-05 01:57:03 [copytrade] Market closed. Next open 2026-05-05 09:30 -04:00
2026-05-05 01:57:34 [copytrade] Market closed. Next open 2026-05-05 09:30 -04:00
2026-05-05 01:58:05 [copytrade] Market closed. Next open 2026-05-05 09:30 -04:00
2026-05-05 01:58:36 [copytrade] Market closed. Next open 2026-05-05 09:30 -04:00
2026-05-05 01:59:07 [copytrade] Market closed. Next open 2026-05-05 09:30 -04:00
2026-05-05 01:59:38 [copytrade] Market closed. Next open 2026-05-05 09:30 -04:00
2026-05-05 02:00:09 [copytrade] Market closed. Next open 2026-05-05 09:30 -04:00
2026-05-05 02:00:40 [copytrade] Market closed. Next open 2026-05-05 09:30 -04:00
2026-05-05 02:01:11 [copytrade] Market closed. Next open 2026-05-05 09:30 -04:00
2026-05-05 02:01:42 [copytrade] Market closed. Next open 2026-05-05 09:30 -04:00
2026-05-05 02:02:14 [copytrade] Market closed. Next open 2026-05-05 09:30 -04:00
2026-05-05 02:02:45 [copytrade] Market closed. Next open 2026-05-05 09:30 -04:00
2026-05-05 02:03:16 [copytrade] Market closed. Next open 2026-05-05 09:30 -04:00
2026-05-05 02:03:47 [copytrade] Market closed. Next open 2026-05-05 09:30 -04:00
2026-05-05 02:04:18 [copytrade] Market closed. Next open 2026-05-05 09:30 -04:00
python(79697) MallocStackLogging: can't turn off malloc stack logging because it was not enabled.
python(79698) MallocStackLogging: can't turn off malloc stack logging because it was not enabled.
python(79710) MallocStackLogging: can't turn off malloc stack logging because it was not enabled.
