2026-04-21 14:14:20 [portfolio] Waiting on 11 pending order(s) to settle before the next cycle.
2026-04-21 14:14:26 [portfolio] Waiting on 11 pending order(s) to settle before the next cycle.
2026-04-21 14:14:32 [portfolio] Waiting on 11 pending order(s) to settle before the next cycle.
2026-04-21 14:14:41 [portfolio] Waiting on 11 pending order(s) to settle before the next cycle.
2026-04-21 14:14:48 [portfolio] Waiting on 11 pending order(s) to settle before the next cycle.
2026-04-21 14:14:54 [portfolio] Waiting on 11 pending order(s) to settle before the next cycle.
2026-04-21 14:15:01 [portfolio] Waiting on 11 pending order(s) to settle before the next cycle.
2026-04-21 14:15:07 [portfolio] Waiting on 11 pending order(s) to settle before the next cycle.
2026-04-21 14:15:14 [portfolio] Waiting on 11 pending order(s) to settle before the next cycle.
2026-04-21 14:15:21 [portfolio] Waiting on 11 pending order(s) to settle before the next cycle.
2026-04-21 14:15:27 [portfolio] Still tracking 11 pending order(s); will continue syncing on later loops.
2026-04-21 14:15:59 [copytrade] Market closed. Next open 2026-04-21 09:30 -04:00
2026-04-21 14:16:01 [portfolio] Waiting on 11 pending order(s) to settle before the next cycle.
2026-04-21 14:16:08 [portfolio] Waiting on 11 pending order(s) to settle before the next cycle.
2026-04-21 14:16:14 [portfolio] Waiting on 11 pending order(s) to settle before the next cycle.
2026-04-21 14:16:21 [portfolio] Waiting on 11 pending order(s) to settle before the next cycle.
2026-04-21 14:16:27 [portfolio] Waiting on 11 pending order(s) to settle before the next cycle.
2026-04-21 14:16:34 [portfolio] Waiting on 11 pending order(s) to settle before the next cycle.
2026-04-21 14:16:40 [portfolio] Waiting on 11 pending order(s) to settle before the next cycle.
2026-04-21 14:16:47 [portfolio] Waiting on 11 pending order(s) to settle before the next cycle.
2026-04-21 14:16:53 [portfolio] Waiting on 11 pending order(s) to settle before the next cycle.
2026-04-21 14:17:00 [portfolio] Waiting on 11 pending order(s) to settle before the next cycle.
2026-04-21 14:17:07 [portfolio] Waiting on 11 pending order(s) to settle before the next cycle.
2026-04-21 14:17:13 [portfolio] Waiting on 11 pending order(s) to settle before the next cycle.
2026-04-21 14:17:20 [portfolio] Waiting on 11 pending order(s) to settle before the next cycle.
2026-04-21 14:17:26 [portfolio] Waiting on 11 pending order(s) to settle before the next cycle.
2026-04-21 14:17:33 [portfolio] Waiting on 11 pending order(s) to settle before the next cycle.
2026-04-21 14:17:40 [portfolio] Waiting on 11 pending order(s) to settle before the next cycle.
2026-04-21 14:17:46 [portfolio] Waiting on 11 pending order(s) to settle before the next cycle.
2026-04-21 14:17:53 [portfolio] Waiting on 11 pending order(s) to settle before the next cycle.
2026-04-21 14:17:59 [portfolio] Waiting on 11 pending order(s) to settle before the next cycle.
2026-04-21 14:18:06 [portfolio] Still tracking 11 pending order(s); will continue syncing on later loops.
2026-04-21 14:18:37 [copytrade] Market closed. Next open 2026-04-21 09:30 -04:00
2026-04-21 14:18:39 [portfolio] Waiting on 11 pending order(s) to settle before the next cycle.
2026-04-21 14:18:45 [portfolio] Waiting on 11 pending order(s) to settle before the next cycle.
2026-04-21 14:18:51 [portfolio] Waiting on 11 pending order(s) to settle before the next cycle.
2026-04-21 14:18:58 [portfolio] Waiting on 11 pending order(s) to settle before the next cycle.
2026-04-21 14:19:05 [portfolio] Waiting on 11 pending order(s) to settle before the next cycle.
2026-04-21 14:19:11 [portfolio] Waiting on 11 pending order(s) to settle before the next cycle.
2026-04-21 14:19:18 [portfolio] Waiting on 11 pending order(s) to settle before the next cycle.
2026-04-21 14:19:24 [portfolio] Waiting on 11 pending order(s) to settle before the next cycle.
2026-04-21 14:19:30 [portfolio] Waiting on 11 pending order(s) to settle before the next cycle.
2026-04-21 14:19:37 [portfolio] Waiting on 11 pending order(s) to settle before the next cycle.
2026-04-21 14:19:43 [portfolio] Waiting on 11 pending order(s) to settle before the next cycle.
2026-04-21 14:19:50 [portfolio] Waiting on 11 pending order(s) to settle before the next cycle.
2026-04-21 14:19:57 [portfolio] Waiting on 11 pending order(s) to settle before the next cycle.
2026-04-21 14:20:04 [portfolio] Waiting on 11 pending order(s) to settle before the next cycle.
2026-04-21 14:20:11 [portfolio] Waiting on 11 pending order(s) to settle before the next cycle.
2026-04-21 14:20:18 [portfolio] Waiting on 11 pending order(s) to settle before the next cycle.
2026-04-21 14:20:24 [portfolio] Waiting on 11 pending order(s) to settle before the next cycle.
2026-04-21 14:20:31 [portfolio] Waiting on 11 pending order(s) to settle before the next cycle.
2026-04-21 14:20:37 [portfolio] Still tracking 11 pending order(s); will continue syncing on later loops.
2026-04-21 14:21:08 [copytrade] Checked Capitol signals for Ro Khanna: no new trades across 1 page(s).
2026-04-21 14:21:10 [copytrade] Market closed. Next open 2026-04-21 09:30 -04:00
2026-04-21 14:21:12 [portfolio] Waiting on 11 pending order(s) to settle before the next cycle.
2026-04-21 14:21:18 [portfolio] Waiting on 11 pending order(s) to settle before the next cycle.
2026-04-21 14:21:25 [portfolio] Waiting on 11 pending order(s) to settle before the next cycle.
2026-04-21 14:21:31 [portfolio] Waiting on 11 pending order(s) to settle before the next cycle.
2026-04-21 14:21:38 [portfolio] Waiting on 11 pending order(s) to settle before the next cycle.
2026-04-21 14:21:44 [portfolio] Waiting on 11 pending order(s) to settle before the next cycle.
2026-04-21 14:21:51 [portfolio] Waiting on 11 pending order(s) to settle before the next cycle.
2026-04-21 14:21:58 [portfolio] Waiting on 11 pending order(s) to settle before the next cycle.
2026-04-21 14:22:04 [portfolio] Waiting on 11 pending order(s) to settle before the next cycle.
2026-04-21 14:22:10 [portfolio] Waiting on 11 pending order(s) to settle before the next cycle.
2026-04-21 14:22:17 [portfolio] Waiting on 11 pending order(s) to settle before the next cycle.
2026-04-21 14:22:23 [portfolio] Waiting on 11 pending order(s) to settle before the next cycle.
2026-04-21 14:22:30 [portfolio] Waiting on 11 pending order(s) to settle before the next cycle.
2026-04-21 14:22:36 [portfolio] Waiting on 11 pending order(s) to settle before the next cycle.
2026-04-21 14:22:43 [portfolio] Waiting on 11 pending order(s) to settle before the next cycle.
2026-04-21 14:22:49 [portfolio] Waiting on 11 pending order(s) to settle before the next cycle.
2026-04-21 14:22:56 [portfolio] Waiting on 11 pending order(s) to settle before the next cycle.
2026-04-21 14:23:03 [portfolio] Waiting on 11 pending order(s) to settle before the next cycle.
2026-04-21 14:23:09 [portfolio] Waiting on 11 pending order(s) to settle before the next cycle.
2026-04-21 14:23:17 [portfolio] Still tracking 11 pending order(s); will continue syncing on later loops.
2026-04-21 14:23:20 [copytrade] Published updated remote snapshot files: docs/data/recent_bot.log
2026-04-21 14:23:52 [copytrade] Market closed. Next open 2026-04-21 09:30 -04:00
2026-04-21 14:23:54 [portfolio] Waiting on 11 pending order(s) to settle before the next cycle.
2026-04-21 14:24:00 [portfolio] Waiting on 11 pending order(s) to settle before the next cycle.
2026-04-21 14:24:06 [portfolio] Waiting on 11 pending order(s) to settle before the next cycle.
2026-04-21 14:24:13 [portfolio] Waiting on 11 pending order(s) to settle before the next cycle.
2026-04-21 14:24:20 [portfolio] Waiting on 11 pending order(s) to settle before the next cycle.
2026-04-21 14:24:26 [portfolio] Waiting on 11 pending order(s) to settle before the next cycle.
2026-04-21 14:24:33 [portfolio] Waiting on 11 pending order(s) to settle before the next cycle.
2026-04-21 14:24:40 [portfolio] Waiting on 11 pending order(s) to settle before the next cycle.
2026-04-21 14:24:46 [portfolio] Waiting on 11 pending order(s) to settle before the next cycle.
2026-04-21 14:24:53 [portfolio] Waiting on 11 pending order(s) to settle before the next cycle.
2026-04-21 14:24:59 [portfolio] Waiting on 11 pending order(s) to settle before the next cycle.
2026-04-21 14:25:06 [portfolio] Waiting on 11 pending order(s) to settle before the next cycle.
2026-04-21 14:25:13 [portfolio] Waiting on 11 pending order(s) to settle before the next cycle.
2026-04-21 14:25:20 [portfolio] Waiting on 11 pending order(s) to settle before the next cycle.
2026-04-21 14:25:26 [portfolio] Waiting on 11 pending order(s) to settle before the next cycle.
2026-04-21 14:25:33 [portfolio] Waiting on 11 pending order(s) to settle before the next cycle.
2026-04-21 14:25:39 [portfolio] Waiting on 11 pending order(s) to settle before the next cycle.
2026-04-21 14:25:46 [portfolio] Waiting on 11 pending order(s) to settle before the next cycle.
2026-04-21 14:25:52 [portfolio] Still tracking 11 pending order(s); will continue syncing on later loops.
2026-04-21 14:26:24 [copytrade] Market closed. Next open 2026-04-21 09:30 -04:00
2026-04-21 14:26:25 [portfolio] Waiting on 11 pending order(s) to settle before the next cycle.
2026-04-21 14:26:31 [portfolio] Waiting on 11 pending order(s) to settle before the next cycle.
2026-04-21 14:26:39 [portfolio] Waiting on 11 pending order(s) to settle before the next cycle.
2026-04-21 14:26:45 [portfolio] Waiting on 11 pending order(s) to settle before the next cycle.
2026-04-21 14:26:51 [portfolio] Waiting on 11 pending order(s) to settle before the next cycle.
2026-04-21 14:26:58 [portfolio] Waiting on 11 pending order(s) to settle before the next cycle.
2026-04-21 14:27:04 [portfolio] Waiting on 11 pending order(s) to settle before the next cycle.
2026-04-21 14:27:11 [portfolio] Waiting on 11 pending order(s) to settle before the next cycle.
2026-04-21 14:27:17 [portfolio] Waiting on 11 pending order(s) to settle before the next cycle.
2026-04-21 14:27:23 [portfolio] Waiting on 11 pending order(s) to settle before the next cycle.
2026-04-21 14:27:30 [portfolio] Waiting on 11 pending order(s) to settle before the next cycle.
2026-04-21 14:27:37 [portfolio] Waiting on 11 pending order(s) to settle before the next cycle.
2026-04-21 14:27:43 [portfolio] Waiting on 11 pending order(s) to settle before the next cycle.
2026-04-21 14:27:50 [portfolio] Waiting on 11 pending order(s) to settle before the next cycle.
2026-04-21 14:27:56 [portfolio] Waiting on 11 pending order(s) to settle before the next cycle.
2026-04-21 14:28:03 [portfolio] Waiting on 11 pending order(s) to settle before the next cycle.
2026-04-21 14:28:09 [portfolio] Waiting on 11 pending order(s) to settle before the next cycle.
2026-04-21 14:28:16 [portfolio] Waiting on 11 pending order(s) to settle before the next cycle.
2026-04-21 14:28:22 [portfolio] Waiting on 11 pending order(s) to settle before the next cycle.
2026-04-21 14:28:29 [portfolio] Still tracking 11 pending order(s); will continue syncing on later loops.
2026-04-21 14:29:00 [copytrade] Market closed. Next open 2026-04-21 09:30 -04:00
2026-04-21 14:29:02 [portfolio] Waiting on 11 pending order(s) to settle before the next cycle.
2026-04-21 14:29:08 [portfolio] Waiting on 11 pending order(s) to settle before the next cycle.
2026-04-21 14:29:15 [portfolio] Waiting on 11 pending order(s) to settle before the next cycle.
2026-04-21 14:29:21 [portfolio] Waiting on 11 pending order(s) to settle before the next cycle.
2026-04-21 14:29:28 [portfolio] Waiting on 11 pending order(s) to settle before the next cycle.
2026-04-21 14:29:34 [portfolio] Waiting on 11 pending order(s) to settle before the next cycle.
2026-04-21 14:29:41 [portfolio] Waiting on 11 pending order(s) to settle before the next cycle.
2026-04-21 14:29:47 [portfolio] Waiting on 11 pending order(s) to settle before the next cycle.
2026-04-21 14:29:54 [portfolio] Waiting on 11 pending order(s) to settle before the next cycle.
2026-04-21 14:30:00 [portfolio] Waiting on 11 pending order(s) to settle before the next cycle.
2026-04-21 14:30:07 [portfolio] Waiting on 11 pending order(s) to settle before the next cycle.
2026-04-21 14:30:14 [portfolio] Waiting on 11 pending order(s) to settle before the next cycle.
2026-04-21 14:30:20 [portfolio] Waiting on 11 pending order(s) to settle before the next cycle.
2026-04-21 14:30:27 [portfolio] Waiting on 11 pending order(s) to settle before the next cycle.
2026-04-21 14:30:34 [portfolio] Waiting on 11 pending order(s) to settle before the next cycle.
2026-04-21 14:30:41 [portfolio] Waiting on 11 pending order(s) to settle before the next cycle.
2026-04-21 14:30:47 [portfolio] Waiting on 11 pending order(s) to settle before the next cycle.
2026-04-21 14:30:54 [portfolio] Waiting on 11 pending order(s) to settle before the next cycle.
2026-04-21 14:31:00 [portfolio] Waiting on 11 pending order(s) to settle before the next cycle.
2026-04-21 14:31:07 [portfolio] Still tracking 11 pending order(s); will continue syncing on later loops.
2026-04-21 14:31:40 [copytrade] Market closed. Next open 2026-04-21 09:30 -04:00
2026-04-21 14:31:42 [portfolio] Waiting on 11 pending order(s) to settle before the next cycle.
2026-04-21 14:31:48 [portfolio] Waiting on 11 pending order(s) to settle before the next cycle.
2026-04-21 14:31:55 [portfolio] Waiting on 11 pending order(s) to settle before the next cycle.
2026-04-21 14:32:02 [portfolio] Waiting on 11 pending order(s) to settle before the next cycle.
2026-04-21 14:32:08 [portfolio] Waiting on 11 pending order(s) to settle before the next cycle.
2026-04-21 14:32:15 [portfolio] Waiting on 11 pending order(s) to settle before the next cycle.
2026-04-21 14:32:21 [portfolio] Waiting on 11 pending order(s) to settle before the next cycle.
2026-04-21 14:32:28 [portfolio] Waiting on 11 pending order(s) to settle before the next cycle.
2026-04-21 14:32:35 [portfolio] Waiting on 11 pending order(s) to settle before the next cycle.
2026-04-21 14:32:42 [portfolio] Waiting on 11 pending order(s) to settle before the next cycle.
2026-04-21 14:32:49 [portfolio] Waiting on 11 pending order(s) to settle before the next cycle.
2026-04-21 14:32:55 [portfolio] Waiting on 11 pending order(s) to settle before the next cycle.
2026-04-21 14:33:02 [portfolio] Waiting on 11 pending order(s) to settle before the next cycle.
2026-04-21 14:33:09 [portfolio] Waiting on 11 pending order(s) to settle before the next cycle.
2026-04-21 14:33:16 [portfolio] Waiting on 11 pending order(s) to settle before the next cycle.
2026-04-21 14:33:22 [portfolio] Waiting on 11 pending order(s) to settle before the next cycle.
2026-04-21 14:33:28 [portfolio] Waiting on 11 pending order(s) to settle before the next cycle.
2026-04-21 14:33:35 [portfolio] Waiting on 11 pending order(s) to settle before the next cycle.
2026-04-21 14:33:42 [portfolio] Still tracking 11 pending order(s); will continue syncing on later loops.
2026-04-21 14:34:14 [copytrade] Market closed. Next open 2026-04-21 09:30 -04:00
2026-04-21 14:34:15 [portfolio] Waiting on 11 pending order(s) to settle before the next cycle.
2026-04-21 14:34:22 [portfolio] Waiting on 11 pending order(s) to settle before the next cycle.
2026-04-21 14:34:28 [portfolio] Waiting on 11 pending order(s) to settle before the next cycle.
2026-04-21 14:34:34 [portfolio] Waiting on 11 pending order(s) to settle before the next cycle.
2026-04-21 14:34:41 [portfolio] Waiting on 11 pending order(s) to settle before the next cycle.
2026-04-21 14:34:47 [portfolio] Waiting on 11 pending order(s) to settle before the next cycle.
2026-04-21 14:34:54 [portfolio] Waiting on 11 pending order(s) to settle before the next cycle.
2026-04-21 14:35:00 [portfolio] Waiting on 11 pending order(s) to settle before the next cycle.
2026-04-21 14:35:07 [portfolio] Waiting on 11 pending order(s) to settle before the next cycle.
2026-04-21 14:35:13 [portfolio] Waiting on 11 pending order(s) to settle before the next cycle.
2026-04-21 14:35:19 [portfolio] Waiting on 11 pending order(s) to settle before the next cycle.
2026-04-21 14:35:25 [portfolio] Waiting on 11 pending order(s) to settle before the next cycle.
2026-04-21 14:35:32 [portfolio] Waiting on 11 pending order(s) to settle before the next cycle.
2026-04-21 14:35:38 [portfolio] Waiting on 11 pending order(s) to settle before the next cycle.
2026-04-21 14:35:46 [portfolio] Waiting on 11 pending order(s) to settle before the next cycle.
2026-04-21 14:35:52 [portfolio] Waiting on 11 pending order(s) to settle before the next cycle.
2026-04-21 14:35:58 [portfolio] Waiting on 11 pending order(s) to settle before the next cycle.
2026-04-21 14:36:05 [portfolio] Waiting on 11 pending order(s) to settle before the next cycle.
2026-04-21 14:36:11 [portfolio] Waiting on 11 pending order(s) to settle before the next cycle.
2026-04-21 14:36:17 [portfolio] Still tracking 11 pending order(s); will continue syncing on later loops.
2026-04-21 14:36:48 [copytrade] Checked Capitol signals for Ro Khanna: no new trades across 1 page(s).
2026-04-21 14:36:49 [copytrade] Market closed. Next open 2026-04-21 09:30 -04:00
2026-04-21 14:36:51 [portfolio] Waiting on 11 pending order(s) to settle before the next cycle.
2026-04-21 14:36:57 [portfolio] Waiting on 11 pending order(s) to settle before the next cycle.
2026-04-21 14:37:03 [portfolio] Waiting on 11 pending order(s) to settle before the next cycle.
2026-04-21 14:37:10 [portfolio] Waiting on 11 pending order(s) to settle before the next cycle.
2026-04-21 14:37:16 [portfolio] Waiting on 11 pending order(s) to settle before the next cycle.
2026-04-21 14:37:22 [portfolio] Waiting on 11 pending order(s) to settle before the next cycle.
2026-04-21 14:37:29 [portfolio] Waiting on 11 pending order(s) to settle before the next cycle.
2026-04-21 14:37:35 [portfolio] Waiting on 11 pending order(s) to settle before the next cycle.
2026-04-21 14:37:41 [portfolio] Waiting on 11 pending order(s) to settle before the next cycle.
2026-04-21 14:37:48 [portfolio] Waiting on 11 pending order(s) to settle before the next cycle.
2026-04-21 14:37:54 [portfolio] Waiting on 11 pending order(s) to settle before the next cycle.
2026-04-21 14:38:02 [portfolio] Waiting on 11 pending order(s) to settle before the next cycle.
2026-04-21 14:38:08 [portfolio] Waiting on 11 pending order(s) to settle before the next cycle.
2026-04-21 14:38:15 [portfolio] Waiting on 11 pending order(s) to settle before the next cycle.
2026-04-21 14:38:21 [portfolio] Waiting on 11 pending order(s) to settle before the next cycle.
2026-04-21 14:38:27 [portfolio] Waiting on 11 pending order(s) to settle before the next cycle.
2026-04-21 14:38:33 [portfolio] Waiting on 11 pending order(s) to settle before the next cycle.
2026-04-21 14:38:40 [portfolio] Waiting on 11 pending order(s) to settle before the next cycle.
2026-04-21 14:38:46 [portfolio] Waiting on 11 pending order(s) to settle before the next cycle.
2026-04-21 14:38:52 [portfolio] Still tracking 11 pending order(s); will continue syncing on later loops.
